<?xml version="1.0" encoding="UTF-8"?>
<!-- Generated by org.testng.reporters.JUnitXMLReporter -->
<testsuite ignored="0" hostname="acaabaeeefffcbfbbedeeebcabae-0" failures="0" tests="10" name="Surefire test" time="201.662" errors="0" timestamp="2025-04-23T10:07:35 UTC">
  <testcase classname="runner.TestRunner" name="FooterTestCase" time="16.644"/>
  <testcase classname="runner.TestRunner" name="actionsTest" time="73.896"/>
  <testcase classname="runner.TestRunner" name="footerIconTestCase" time="22.679"/>
  <testcase classname="runner.TestRunner" name="healthTest" time="11.41"/>
  <testcase classname="runner.TestRunner" name="testCase01" time="3.582"/>
  <testcase classname="runner.TestRunner" name="testCase02" time="3.494"/>
  <testcase classname="runner.TestRunner" name="testCase1" time="9.579"/>
  <testcase classname="runner.TestRunner" name="testFindDoctor" time="5.324"/>
  <testcase classname="runner.TestRunner" name="testScheduleNow" time="8.423"/>
  <testcase classname="runner.TestRunner" name="testcase2" time="6.23"/>
</testsuite> <!-- Surefire test -->
