<?xml version="1.0" encoding="UTF-8"?>
<testng-results ignored="0" total="1" passed="1" failed="0" skipped="0">
  <reporter-output>
  </reporter-output>
  <suite started-at="2025-04-21T13:04:33 UTC" name="Surefire suite" finished-at="2025-04-21T13:04:38 UTC" duration-ms="4779">
    <groups>
    </groups>
    <test started-at="2025-04-21T13:04:33 UTC" name="Surefire test" finished-at="2025-04-21T13:04:38 UTC" duration-ms="4779">
      <class name="runner.TestRunner">
        <test-method signature="openBro()[pri:0, instance:runner.TestRunner@60704c]" started-at="2025-04-21T13:04:33 UTC" name="openBro" finished-at="2025-04-21T13:04:38 UTC" duration-ms="4698" status="PASS">
          <reporter-output>
          </reporter-output>
        </test-method> <!-- openBro -->
      </class> <!-- runner.TestRunner -->
    </test> <!-- Surefire test -->
  </suite> <!-- Surefire suite -->
</testng-results>
