<?xml version="1.0" encoding="UTF-8"?>
<testng-results ignored="0" total="10" passed="10" failed="0" skipped="0">
  <reporter-output>
  </reporter-output>
  <suite started-at="2025-04-23T10:04:13 UTC" name="Surefire suite" finished-at="2025-04-23T10:07:35 UTC" duration-ms="201662">
    <groups>
    </groups>
    <test started-at="2025-04-23T10:04:13 UTC" name="Surefire test" finished-at="2025-04-23T10:07:35 UTC" duration-ms="201662">
      <class name="runner.TestRunner">
        <test-method is-config="true" signature="report()[pri:0, instance:runner.TestRunner@6af93788]" started-at="2025-04-23T10:04:13 UTC" name="report" finished-at="2025-04-23T10:04:13 UTC" duration-ms="410" status="PASS">
          <reporter-output>
          </reporter-output>
        </test-method> <!-- report -->
        <test-method is-config="true" signature="open()[pri:0, instance:runner.TestRunner@6af93788]" started-at="2025-04-23T10:04:13 UTC" name="open" finished-at="2025-04-23T10:04:19 UTC" duration-ms="5377" status="PASS">
          <reporter-output>
          </reporter-output>
        </test-method> <!-- open -->
        <test-method signature="FooterTestCase()[pri:0, instance:runner.TestRunner@6af93788]" started-at="2025-04-23T10:04:19 UTC" name="FooterTestCase" finished-at="2025-04-23T10:04:35 UTC" duration-ms="16644" status="PASS">
          <reporter-output>
          </reporter-output>
        </test-method> <!-- FooterTestCase -->
        <test-method is-config="true" signature="close()[pri:0, instance:runner.TestRunner@6af93788]" started-at="2025-04-23T10:04:35 UTC" name="close" finished-at="2025-04-23T10:04:36 UTC" duration-ms="172" status="PASS">
          <reporter-output>
          </reporter-output>
        </test-method> <!-- close -->
        <test-method is-config="true" signature="open()[pri:0, instance:runner.TestRunner@6af93788]" started-at="2025-04-23T10:04:36 UTC" name="open" finished-at="2025-04-23T10:04:39 UTC" duration-ms="3365" status="PASS">
          <reporter-output>
          </reporter-output>
        </test-method> <!-- open -->
        <test-method signature="actionsTest()[pri:0, instance:runner.TestRunner@6af93788]" started-at="2025-04-23T10:04:39 UTC" name="actionsTest" finished-at="2025-04-23T10:05:53 UTC" duration-ms="73896" status="PASS">
          <reporter-output>
          </reporter-output>
        </test-method> <!-- actionsTest -->
        <test-method is-config="true" signature="close()[pri:0, instance:runner.TestRunner@6af93788]" started-at="2025-04-23T10:05:53 UTC" name="close" finished-at="2025-04-23T10:05:53 UTC" duration-ms="148" status="PASS">
          <reporter-output>
          </reporter-output>
        </test-method> <!-- close -->
        <test-method is-config="true" signature="open()[pri:0, instance:runner.TestRunner@6af93788]" started-at="2025-04-23T10:05:53 UTC" name="open" finished-at="2025-04-23T10:05:56 UTC" duration-ms="3054" status="PASS">
          <reporter-output>
          </reporter-output>
        </test-method> <!-- open -->
        <test-method signature="footerIconTestCase()[pri:0, instance:runner.TestRunner@6af93788]" started-at="2025-04-23T10:05:56 UTC" name="footerIconTestCase" finished-at="2025-04-23T10:06:19 UTC" duration-ms="22679" status="PASS">
          <reporter-output>
          </reporter-output>
        </test-method> <!-- footerIconTestCase -->
        <test-method is-config="true" signature="close()[pri:0, instance:runner.TestRunner@6af93788]" started-at="2025-04-23T10:06:19 UTC" name="close" finished-at="2025-04-23T10:06:19 UTC" duration-ms="178" status="PASS">
          <reporter-output>
          </reporter-output>
        </test-method> <!-- close -->
        <test-method is-config="true" signature="open()[pri:0, instance:runner.TestRunner@6af93788]" started-at="2025-04-23T10:06:19 UTC" name="open" finished-at="2025-04-23T10:06:22 UTC" duration-ms="3207" status="PASS">
          <reporter-output>
          </reporter-output>
        </test-method> <!-- open -->
        <test-method signature="healthTest()[pri:0, instance:runner.TestRunner@6af93788]" started-at="2025-04-23T10:06:22 UTC" name="healthTest" finished-at="2025-04-23T10:06:34 UTC" duration-ms="11410" status="PASS">
          <reporter-output>
          </reporter-output>
        </test-method> <!-- healthTest -->
        <test-method is-config="true" signature="close()[pri:0, instance:runner.TestRunner@6af93788]" started-at="2025-04-23T10:06:34 UTC" name="close" finished-at="2025-04-23T10:06:34 UTC" duration-ms="234" status="PASS">
          <reporter-output>
          </reporter-output>
        </test-method> <!-- close -->
        <test-method is-config="true" signature="open()[pri:0, instance:runner.TestRunner@6af93788]" started-at="2025-04-23T10:06:34 UTC" name="open" finished-at="2025-04-23T10:06:37 UTC" duration-ms="3136" status="PASS">
          <reporter-output>
          </reporter-output>
        </test-method> <!-- open -->
        <test-method signature="testCase01()[pri:0, instance:runner.TestRunner@6af93788]" started-at="2025-04-23T10:06:37 UTC" name="testCase01" finished-at="2025-04-23T10:06:41 UTC" duration-ms="3582" status="PASS">
          <reporter-output>
          </reporter-output>
        </test-method> <!-- testCase01 -->
        <test-method is-config="true" signature="close()[pri:0, instance:runner.TestRunner@6af93788]" started-at="2025-04-23T10:06:41 UTC" name="close" finished-at="2025-04-23T10:06:41 UTC" duration-ms="82" status="PASS">
          <reporter-output>
          </reporter-output>
        </test-method> <!-- close -->
        <test-method is-config="true" signature="open()[pri:0, instance:runner.TestRunner@6af93788]" started-at="2025-04-23T10:06:41 UTC" name="open" finished-at="2025-04-23T10:06:48 UTC" duration-ms="7484" status="PASS">
          <reporter-output>
          </reporter-output>
        </test-method> <!-- open -->
        <test-method signature="testCase02()[pri:0, instance:runner.TestRunner@6af93788]" started-at="2025-04-23T10:06:48 UTC" name="testCase02" finished-at="2025-04-23T10:06:52 UTC" duration-ms="3494" status="PASS">
          <reporter-output>
          </reporter-output>
        </test-method> <!-- testCase02 -->
        <test-method is-config="true" signature="close()[pri:0, instance:runner.TestRunner@6af93788]" started-at="2025-04-23T10:06:52 UTC" name="close" finished-at="2025-04-23T10:06:52 UTC" duration-ms="137" status="PASS">
          <reporter-output>
          </reporter-output>
        </test-method> <!-- close -->
        <test-method is-config="true" signature="open()[pri:0, instance:runner.TestRunner@6af93788]" started-at="2025-04-23T10:06:52 UTC" name="open" finished-at="2025-04-23T10:06:55 UTC" duration-ms="3161" status="PASS">
          <reporter-output>
          </reporter-output>
        </test-method> <!-- open -->
        <test-method signature="testCase1()[pri:0, instance:runner.TestRunner@6af93788]" started-at="2025-04-23T10:06:55 UTC" name="testCase1" finished-at="2025-04-23T10:07:04 UTC" duration-ms="9579" status="PASS">
          <reporter-output>
          </reporter-output>
        </test-method> <!-- testCase1 -->
        <test-method is-config="true" signature="close()[pri:0, instance:runner.TestRunner@6af93788]" started-at="2025-04-23T10:07:04 UTC" name="close" finished-at="2025-04-23T10:07:05 UTC" duration-ms="79" status="PASS">
          <reporter-output>
          </reporter-output>
        </test-method> <!-- close -->
        <test-method is-config="true" signature="open()[pri:0, instance:runner.TestRunner@6af93788]" started-at="2025-04-23T10:07:05 UTC" name="open" finished-at="2025-04-23T10:07:08 UTC" duration-ms="3090" status="PASS">
          <reporter-output>
          </reporter-output>
        </test-method> <!-- open -->
        <test-method signature="testFindDoctor()[pri:0, instance:runner.TestRunner@6af93788]" started-at="2025-04-23T10:07:08 UTC" name="testFindDoctor" finished-at="2025-04-23T10:07:13 UTC" duration-ms="5324" status="PASS">
          <reporter-output>
          </reporter-output>
        </test-method> <!-- testFindDoctor -->
        <test-method is-config="true" signature="close()[pri:0, instance:runner.TestRunner@6af93788]" started-at="2025-04-23T10:07:13 UTC" name="close" finished-at="2025-04-23T10:07:13 UTC" duration-ms="118" status="PASS">
          <reporter-output>
          </reporter-output>
        </test-method> <!-- close -->
        <test-method is-config="true" signature="open()[pri:0, instance:runner.TestRunner@6af93788]" started-at="2025-04-23T10:07:13 UTC" name="open" finished-at="2025-04-23T10:07:16 UTC" duration-ms="3146" status="PASS">
          <reporter-output>
          </reporter-output>
        </test-method> <!-- open -->
        <test-method signature="testScheduleNow()[pri:0, instance:runner.TestRunner@6af93788]" started-at="2025-04-23T10:07:16 UTC" name="testScheduleNow" finished-at="2025-04-23T10:07:25 UTC" duration-ms="8423" status="PASS">
          <reporter-output>
          </reporter-output>
        </test-method> <!-- testScheduleNow -->
        <test-method is-config="true" signature="close()[pri:0, instance:runner.TestRunner@6af93788]" started-at="2025-04-23T10:07:25 UTC" name="close" finished-at="2025-04-23T10:07:25 UTC" duration-ms="88" status="PASS">
          <reporter-output>
          </reporter-output>
        </test-method> <!-- close -->
        <test-method is-config="true" signature="open()[pri:0, instance:runner.TestRunner@6af93788]" started-at="2025-04-23T10:07:25 UTC" name="open" finished-at="2025-04-23T10:07:28 UTC" duration-ms="3208" status="PASS">
          <reporter-output>
          </reporter-output>
        </test-method> <!-- open -->
        <test-method signature="testcase2()[pri:0, instance:runner.TestRunner@6af93788]" started-at="2025-04-23T10:07:28 UTC" name="testcase2" finished-at="2025-04-23T10:07:34 UTC" duration-ms="6230" status="PASS">
          <reporter-output>
          </reporter-output>
        </test-method> <!-- testcase2 -->
        <test-method is-config="true" signature="close()[pri:0, instance:runner.TestRunner@6af93788]" started-at="2025-04-23T10:07:34 UTC" name="close" finished-at="2025-04-23T10:07:34 UTC" duration-ms="20" status="PASS">
          <reporter-output>
          </reporter-output>
        </test-method> <!-- close -->
        <test-method is-config="true" signature="flush()[pri:0, instance:runner.TestRunner@6af93788]" started-at="2025-04-23T10:07:34 UTC" name="flush" finished-at="2025-04-23T10:07:35 UTC" duration-ms="412" status="PASS">
          <reporter-output>
          </reporter-output>
        </test-method> <!-- flush -->
      </class> <!-- runner.TestRunner -->
    </test> <!-- Surefire test -->
  </suite> <!-- Surefire suite -->
</testng-results>
